Using pre-set license
Built from '2020.3/staging' branch; Version is '2020.3.8f1 (507919d4fff5) revision 5273881'; Using compiler version '192528614'; Build Type 'Release'
OS: 'Windows 10 Home Single Language; OS build 19042.985; Version 2009; 64bit' Language: 'ru' Physical Memory: 16192 MB
BatchMode: 1, IsHumanControllingUs: 0, StartBugReporterOnCrash: 0, Is64bit: 1, IsPro: 0

 COMMAND LINE ARGUMENTS:
C:\Program Files\Unity\Hub\Editor\2020.3.8f1\Editor\Unity.exe
-adb2
-batchMode
-noUpm
-name
AssetImportWorker0
-projectPath
C:/Users/Senjor/OneDrive/Рабочий стол/Dandelion/Dandelion
-logFile
Logs/AssetImportWorker0.log
-srvPort
50454
Successfully changed project path to: C:/Users/Senjor/OneDrive/Рабочий стол/Dandelion/Dandelion
C:/Users/Senjor/OneDrive/Рабочий стол/Dandelion/Dandelion
Using Asset Import Pipeline V2.
Refreshing native plugins compatible for Editor in 67.94 ms, found 1 plugins.
Preloading 0 native plugins for Editor in 0.00 ms.
Initialize engine version: 2020.3.8f1 (507919d4fff5)
[Subsystems] Discovering subsystems at path C:/Program Files/Unity/Hub/Editor/2020.3.8f1/Editor/Data/Resources/UnitySubsystems
[Subsystems] Discovering subsystems at path C:/Users/Senjor/OneDrive/Рабочий стол/Dandelion/Dandelion/Assets
GfxDevice: creating device client; threaded=0
Direct3D:
    Version:  Direct3D 11.0 [level 11.1]
    Renderer: NVIDIA GeForce GTX 1650 (ID=0x1f91)
    Vendor:   
    VRAM:     3962 MB
    Driver:   27.21.14.6589
Initialize mono
Mono path[0] = 'C:/Program Files/Unity/Hub/Editor/2020.3.8f1/Editor/Data/Managed'
Mono path[1] = 'C:/Program Files/Unity/Hub/Editor/2020.3.8f1/Editor/Data/MonoBleedingEdge/lib/mono/unityjit'
Mono config path = 'C:/Program Files/Unity/Hub/Editor/2020.3.8f1/Editor/Data/MonoBleedingEdge/etc'
Using monoOptions --debugger-agent=transport=dt_socket,embedding=1,server=y,suspend=n,address=127.0.0.1:56108
Begin MonoManager ReloadAssembly
Registering precompiled unity dll's ...
Register platform support module: C:/Program Files/Unity/Hub/Editor/2020.3.8f1/Editor/Data/PlaybackEngines/WindowsStandaloneSupport/UnityEditor.WindowsStandalone.Extensions.dll
Registered in 0.002686 seconds.
Native extension for WindowsStandalone target not found
Refreshing native plugins compatible for Editor in 60.52 ms, found 1 plugins.
Preloading 0 native plugins for Editor in 0.00 ms.
Mono: successfully reloaded assembly
- Completed reload, in  1.651 seconds
Platform modules already initialized, skipping
Registering precompiled user dll's ...
Registered in 0.001728 seconds.
Begin MonoManager ReloadAssembly
Native extension for WindowsStandalone target not found
Refreshing native plugins compatible for Editor in 66.59 ms, found 1 plugins.
Preloading 0 native plugins for Editor in 0.00 ms.
Mono: successfully reloaded assembly
- Completed reload, in  1.244 seconds
Platform modules already initialized, skipping
========================================================================
Worker process is ready to serve import requests
Launched and connected shader compiler UnityShaderCompiler.exe after 0.07 seconds
Refreshing native plugins compatible for Editor in 0.62 ms, found 1 plugins.
Preloading 0 native plugins for Editor in 0.00 ms.
Unloading 1853 Unused Serialized files (Serialized files now loaded: 0)
System memory in use before: 86.2 MB.
System memory in use after: 86.2 MB.

Unloading 24 unused Assets to reduce memory usage. Loaded Objects now: 2298.
Total: 2.637600 ms (FindLiveObjects: 0.236200 ms CreateObjectMapping: 0.045100 ms MarkObjects: 2.190800 ms  DeleteObjects: 0.164100 ms)

========================================================================
Received Import Request.
  path: Assets/Resources/Bombs/Bomb 1.prefab
  artifactKey: Guid(4a85d59ce9061ea4c80e106253aaf071) Importer(815301076,1909f56bfc062723c751e8b465ee728b)
Start importing Assets/Resources/Bombs/Bomb 1.prefab using Guid(4a85d59ce9061ea4c80e106253aaf071) Importer(815301076,1909f56bfc062723c751e8b465ee728b)  -> (artifact id: '1cdc952bbe86e3c3217dc9e9d93923e1') in 0.132293 seconds
  Import took 0.136460 seconds .

========================================================================
Received Import Request.
  Time since last request: 35.395435 seconds.
  path: Assets/Scripts/CheckEntityCollide.cs
  artifactKey: Guid(087f9f0e1e91afe44a1f1569e28aa230) Importer(815301076,1909f56bfc062723c751e8b465ee728b)
Start importing Assets/Scripts/CheckEntityCollide.cs using Guid(087f9f0e1e91afe44a1f1569e28aa230) Importer(815301076,1909f56bfc062723c751e8b465ee728b)  -> (artifact id: '5084addb0c4e835547af9d8411ce57d1') in 0.009218 seconds
  Import took 0.013742 seconds .

========================================================================
Received Import Request.
  Time since last request: 53.047165 seconds.
  path: Assets/Resources/Bombs/Bomb.prefab
  artifactKey: Guid(8710f382e0ac6064c8ee5a04e7483aa7) Importer(815301076,1909f56bfc062723c751e8b465ee728b)
Start importing Assets/Resources/Bombs/Bomb.prefab using Guid(8710f382e0ac6064c8ee5a04e7483aa7) Importer(815301076,1909f56bfc062723c751e8b465ee728b)  -> (artifact id: '072c2f50fb7b39792822522a4db5f41c') in 0.102837 seconds
  Import took 0.109539 seconds .

========================================================================
Received Import Request.
  Time since last request: 2.593721 seconds.
  path: Assets/Resources/Bombs/Bomb 7.prefab
  artifactKey: Guid(ac9a7ec66b6bdd944badb88a77441d6a) Importer(815301076,1909f56bfc062723c751e8b465ee728b)
Start importing Assets/Resources/Bombs/Bomb 7.prefab using Guid(ac9a7ec66b6bdd944badb88a77441d6a) Importer(815301076,1909f56bfc062723c751e8b465ee728b)  -> (artifact id: 'a01282e0b7851033fc6e8eb4fb3f5a92') in 0.109726 seconds
  Import took 0.115195 seconds .

========================================================================
Received Import Request.
  Time since last request: 2.609373 seconds.
  path: Assets/Resources/Bombs/Bomb 6.prefab
  artifactKey: Guid(0fb491924d3ecc040821858c870e8a1d) Importer(815301076,1909f56bfc062723c751e8b465ee728b)
Start importing Assets/Resources/Bombs/Bomb 6.prefab using Guid(0fb491924d3ecc040821858c870e8a1d) Importer(815301076,1909f56bfc062723c751e8b465ee728b)  -> (artifact id: 'e6bd88619c7412a19d3f513703ba517f') in 0.019096 seconds
  Import took 0.060585 seconds .

========================================================================
Received Import Request.
  Time since last request: 0.046605 seconds.
  path: Assets/Resources/Bombs/Bomb 6.prefab
  artifactKey: Guid(0fb491924d3ecc040821858c870e8a1d) Importer(815301076,1909f56bfc062723c751e8b465ee728b)
Start importing Assets/Resources/Bombs/Bomb 6.prefab using Guid(0fb491924d3ecc040821858c870e8a1d) Importer(815301076,1909f56bfc062723c751e8b465ee728b)  -> (artifact id: 'e6bd88619c7412a19d3f513703ba517f') in 0.013438 seconds
  Import took 0.018963 seconds .

========================================================================
Received Import Request.
  Time since last request: 2.046420 seconds.
  path: Assets/Resources/Bombs/Bomb 5.prefab
  artifactKey: Guid(517a54b3895d70643b4b1ac670ea82bc) Importer(815301076,1909f56bfc062723c751e8b465ee728b)
Start importing Assets/Resources/Bombs/Bomb 5.prefab using Guid(517a54b3895d70643b4b1ac670ea82bc) Importer(815301076,1909f56bfc062723c751e8b465ee728b)  -> (artifact id: '09213f1066dea3ec57f92478bcd30b52') in 0.022560 seconds
  Import took 0.026704 seconds .

========================================================================
Received Import Request.
  Time since last request: 5.560188 seconds.
  path: Assets/Resources/Bombs/Bomb 4.prefab
  artifactKey: Guid(874581aaaf4cac14685161dd8c4bc7b1) Importer(815301076,1909f56bfc062723c751e8b465ee728b)
Start importing Assets/Resources/Bombs/Bomb 4.prefab using Guid(874581aaaf4cac14685161dd8c4bc7b1) Importer(815301076,1909f56bfc062723c751e8b465ee728b)  -> (artifact id: '6493d691b775d2215f8abeeb89022a8e') in 0.016885 seconds
  Import took 0.115929 seconds .

========================================================================
Received Import Request.
  Time since last request: 4.436641 seconds.
  path: Assets/Resources/Bombs/Bomb 3.prefab
  artifactKey: Guid(ba33d0504ec792c44bdeeaf81d0bdcde) Importer(815301076,1909f56bfc062723c751e8b465ee728b)
Start importing Assets/Resources/Bombs/Bomb 3.prefab using Guid(ba33d0504ec792c44bdeeaf81d0bdcde) Importer(815301076,1909f56bfc062723c751e8b465ee728b)  -> (artifact id: '95528be69624c8bcc0a311b4b3cba271') in 0.112993 seconds
  Import took 0.117695 seconds .

========================================================================
Received Import Request.
  Time since last request: 2.305248 seconds.
  path: Assets/Resources/Bombs/Bomb 2.prefab
  artifactKey: Guid(276e3ec63c87c154fa1aa44d36eeb864) Importer(815301076,1909f56bfc062723c751e8b465ee728b)
Start importing Assets/Resources/Bombs/Bomb 2.prefab using Guid(276e3ec63c87c154fa1aa44d36eeb864) Importer(815301076,1909f56bfc062723c751e8b465ee728b)  -> (artifact id: '92cd739f26b01f28e49e33981a416253') in 0.017622 seconds
  Import took 0.021573 seconds .

========================================================================
Received Import Request.
  Time since last request: 382.715509 seconds.
  path: Assets/Resources/Bombs/Bomb 1.prefab
  artifactKey: Guid(4a85d59ce9061ea4c80e106253aaf071) Importer(815301076,1909f56bfc062723c751e8b465ee728b)
Start importing Assets/Resources/Bombs/Bomb 1.prefab using Guid(4a85d59ce9061ea4c80e106253aaf071) Importer(815301076,1909f56bfc062723c751e8b465ee728b)  -> (artifact id: '00046ba668732be0296997cda819fd68') in 0.023482 seconds
  Import took 0.027830 seconds .

========================================================================
Received Import Request.
  Time since last request: 2.183116 seconds.
  path: Assets/Resources/Bombs/Bomb 2.prefab
  artifactKey: Guid(276e3ec63c87c154fa1aa44d36eeb864) Importer(815301076,1909f56bfc062723c751e8b465ee728b)
Start importing Assets/Resources/Bombs/Bomb 2.prefab using Guid(276e3ec63c87c154fa1aa44d36eeb864) Importer(815301076,1909f56bfc062723c751e8b465ee728b)  -> (artifact id: 'ebb723bad284ad7eb7b75cfe61a2ebef') in 0.022679 seconds
  Import took 0.027048 seconds .

========================================================================
Received Import Request.
  Time since last request: 5.358497 seconds.
  path: Assets/Resources/Bombs/Bomb 3.prefab
  artifactKey: Guid(ba33d0504ec792c44bdeeaf81d0bdcde) Importer(815301076,1909f56bfc062723c751e8b465ee728b)
Start importing Assets/Resources/Bombs/Bomb 3.prefab using Guid(ba33d0504ec792c44bdeeaf81d0bdcde) Importer(815301076,1909f56bfc062723c751e8b465ee728b)  -> (artifact id: 'ec15243eb1b2ada9ad1b9b9ee9a672e3') in 0.111327 seconds
  Import took 0.117014 seconds .

========================================================================
Received Import Request.
  Time since last request: 2.743246 seconds.
  path: Assets/Resources/Bombs/Bomb 4.prefab
  artifactKey: Guid(874581aaaf4cac14685161dd8c4bc7b1) Importer(815301076,1909f56bfc062723c751e8b465ee728b)
Start importing Assets/Resources/Bombs/Bomb 4.prefab using Guid(874581aaaf4cac14685161dd8c4bc7b1) Importer(815301076,1909f56bfc062723c751e8b465ee728b)  -> (artifact id: '5f42982983553732cc4ae8045b85434b') in 0.115709 seconds
  Import took 0.120226 seconds .

========================================================================
Received Import Request.
  Time since last request: 2.220697 seconds.
  path: Assets/Resources/Bombs/Bomb 5.prefab
  artifactKey: Guid(517a54b3895d70643b4b1ac670ea82bc) Importer(815301076,1909f56bfc062723c751e8b465ee728b)
Start importing Assets/Resources/Bombs/Bomb 5.prefab using Guid(517a54b3895d70643b4b1ac670ea82bc) Importer(815301076,1909f56bfc062723c751e8b465ee728b)  -> (artifact id: '9f5a56ed2c62d7a204b10a782402fed1') in 0.019473 seconds
  Import took 0.023622 seconds .

========================================================================
Received Import Request.
  Time since last request: 2.318992 seconds.
  path: Assets/Resources/Bombs/Bomb 6.prefab
  artifactKey: Guid(0fb491924d3ecc040821858c870e8a1d) Importer(815301076,1909f56bfc062723c751e8b465ee728b)
Start importing Assets/Resources/Bombs/Bomb 6.prefab using Guid(0fb491924d3ecc040821858c870e8a1d) Importer(815301076,1909f56bfc062723c751e8b465ee728b)  -> (artifact id: '4c313cbc4917b7ebba22c77716824b5a') in 0.021730 seconds
  Import took 0.026492 seconds .

========================================================================
Received Import Request.
  Time since last request: 2.670385 seconds.
  path: Assets/Resources/Bombs/Bomb 7.prefab
  artifactKey: Guid(ac9a7ec66b6bdd944badb88a77441d6a) Importer(815301076,1909f56bfc062723c751e8b465ee728b)
Start importing Assets/Resources/Bombs/Bomb 7.prefab using Guid(ac9a7ec66b6bdd944badb88a77441d6a) Importer(815301076,1909f56bfc062723c751e8b465ee728b)  -> (artifact id: '0e28c5bb0f60b4c86a066eed393980b5') in 0.021278 seconds
  Import took 0.025174 seconds .

========================================================================
Received Import Request.
  Time since last request: 3.290658 seconds.
  path: Assets/Resources/Bombs/Bomb.prefab
  artifactKey: Guid(8710f382e0ac6064c8ee5a04e7483aa7) Importer(815301076,1909f56bfc062723c751e8b465ee728b)
Start importing Assets/Resources/Bombs/Bomb.prefab using Guid(8710f382e0ac6064c8ee5a04e7483aa7) Importer(815301076,1909f56bfc062723c751e8b465ee728b)  -> (artifact id: '7e13f583d5f1a7a1054a90ff83f851fa') in 0.020723 seconds
  Import took 0.024882 seconds .

========================================================================
Received Prepare
Registering precompiled user dll's ...
Registered in 0.001925 seconds.
Begin MonoManager ReloadAssembly
Native extension for WindowsStandalone target not found
Refreshing native plugins compatible for Editor in 0.59 ms, found 1 plugins.
Preloading 0 native plugins for Editor in 0.00 ms.
Mono: successfully reloaded assembly
- Completed reload, in  1.246 seconds
Platform modules already initialized, skipping
Refreshing native plugins compatible for Editor in 0.95 ms, found 1 plugins.
Preloading 0 native plugins for Editor in 0.00 ms.
Unloading 1848 Unused Serialized files (Serialized files now loaded: 0)
System memory in use before: 89.3 MB.
System memory in use after: 89.3 MB.

Unloading 12 unused Assets to reduce memory usage. Loaded Objects now: 2309.
Total: 3.188500 ms (FindLiveObjects: 0.297800 ms CreateObjectMapping: 0.059300 ms MarkObjects: 2.685500 ms  DeleteObjects: 0.144300 ms)

========================================================================
Received Import Request.
  Time since last request: 33.562293 seconds.
  path: Assets/Resources/Bombs/Bomb 4.prefab
  artifactKey: Guid(874581aaaf4cac14685161dd8c4bc7b1) Importer(815301076,1909f56bfc062723c751e8b465ee728b)
Start importing Assets/Resources/Bombs/Bomb 4.prefab using Guid(874581aaaf4cac14685161dd8c4bc7b1) Importer(815301076,1909f56bfc062723c751e8b465ee728b)  -> (artifact id: '2f40a64cc09a9e554c2f8cdadb29f164') in 0.068336 seconds
  Import took 0.072322 seconds .

========================================================================
Received Import Request.
  Time since last request: 0.000278 seconds.
  path: Assets/Resources/Bombs/Bomb 6.prefab
  artifactKey: Guid(0fb491924d3ecc040821858c870e8a1d) Importer(815301076,1909f56bfc062723c751e8b465ee728b)
Start importing Assets/Resources/Bombs/Bomb 6.prefab using Guid(0fb491924d3ecc040821858c870e8a1d) Importer(815301076,1909f56bfc062723c751e8b465ee728b)  -> (artifact id: '7ae6e1e8678e7f6dded83be0ef657562') in 0.010385 seconds
  Import took 0.013803 seconds .

========================================================================
Received Import Request.
  Time since last request: 0.000326 seconds.
  path: Assets/Resources/Bombs/Bomb 7.prefab
  artifactKey: Guid(ac9a7ec66b6bdd944badb88a77441d6a) Importer(815301076,1909f56bfc062723c751e8b465ee728b)
Start importing Assets/Resources/Bombs/Bomb 7.prefab using Guid(ac9a7ec66b6bdd944badb88a77441d6a) Importer(815301076,1909f56bfc062723c751e8b465ee728b)  -> (artifact id: '08b932b0b6e374ef8163746e8bae736f') in 0.010502 seconds
  Import took 0.014250 seconds .

========================================================================
Received Import Request.
  Time since last request: 0.000261 seconds.
  path: Assets/Resources/Bombs/Bomb 2.prefab
  artifactKey: Guid(276e3ec63c87c154fa1aa44d36eeb864) Importer(815301076,1909f56bfc062723c751e8b465ee728b)
Start importing Assets/Resources/Bombs/Bomb 2.prefab using Guid(276e3ec63c87c154fa1aa44d36eeb864) Importer(815301076,1909f56bfc062723c751e8b465ee728b)  -> (artifact id: '5ee06cd9bf7da2ede602e99f4b9279a8') in 0.011729 seconds
  Import took 0.015143 seconds .

========================================================================
Received Import Request.
  Time since last request: 0.000359 seconds.
  path: Assets/Resources/Bombs/Bomb 3.prefab
  artifactKey: Guid(ba33d0504ec792c44bdeeaf81d0bdcde) Importer(815301076,1909f56bfc062723c751e8b465ee728b)
Start importing Assets/Resources/Bombs/Bomb 3.prefab using Guid(ba33d0504ec792c44bdeeaf81d0bdcde) Importer(815301076,1909f56bfc062723c751e8b465ee728b)  -> (artifact id: 'a637ed1cf71c32713fe248791cbbfb20') in 0.014387 seconds
  Import took 0.018083 seconds .

========================================================================
Received Import Request.
  Time since last request: 0.000285 seconds.
  path: Assets/Resources/Bombs/Bomb 5.prefab
  artifactKey: Guid(517a54b3895d70643b4b1ac670ea82bc) Importer(815301076,1909f56bfc062723c751e8b465ee728b)
Start importing Assets/Resources/Bombs/Bomb 5.prefab using Guid(517a54b3895d70643b4b1ac670ea82bc) Importer(815301076,1909f56bfc062723c751e8b465ee728b)  -> (artifact id: '29357160c12f723f3620f902d6b6cab9') in 0.013485 seconds
  Import took 0.017950 seconds .

========================================================================
Received Import Request.
  Time since last request: 0.000561 seconds.
  path: Assets/Resources/Bombs/Bomb.prefab
  artifactKey: Guid(8710f382e0ac6064c8ee5a04e7483aa7) Importer(815301076,1909f56bfc062723c751e8b465ee728b)
Start importing Assets/Resources/Bombs/Bomb.prefab using Guid(8710f382e0ac6064c8ee5a04e7483aa7) Importer(815301076,1909f56bfc062723c751e8b465ee728b)  -> (artifact id: '72db2850ec9466120cb08a85c017df8b') in 0.011560 seconds
  Import took 0.015710 seconds .

========================================================================
Received Import Request.
  Time since last request: 0.000265 seconds.
  path: Assets/Resources/Bombs/Bomb 1.prefab
  artifactKey: Guid(4a85d59ce9061ea4c80e106253aaf071) Importer(815301076,1909f56bfc062723c751e8b465ee728b)
Start importing Assets/Resources/Bombs/Bomb 1.prefab using Guid(4a85d59ce9061ea4c80e106253aaf071) Importer(815301076,1909f56bfc062723c751e8b465ee728b)  -> (artifact id: 'af169a72e48710ae7484db7629ef9741') in 0.011321 seconds
  Import took 0.014989 seconds .

========================================================================
Received Import Request.
  Time since last request: 98.492076 seconds.
  path: Assets/Resources/Bombs/Bomb 1.prefab
  artifactKey: Guid(4a85d59ce9061ea4c80e106253aaf071) Importer(815301076,1909f56bfc062723c751e8b465ee728b)
Start importing Assets/Resources/Bombs/Bomb 1.prefab using Guid(4a85d59ce9061ea4c80e106253aaf071) Importer(815301076,1909f56bfc062723c751e8b465ee728b)  -> (artifact id: 'b55525716671aa2defd280577e66e209') in 0.017027 seconds
  Import took 0.021671 seconds .

========================================================================
Received Import Request.
  Time since last request: 2.344311 seconds.
  path: Assets/Resources/Bombs/Bomb 2.prefab
  artifactKey: Guid(276e3ec63c87c154fa1aa44d36eeb864) Importer(815301076,1909f56bfc062723c751e8b465ee728b)
Start importing Assets/Resources/Bombs/Bomb 2.prefab using Guid(276e3ec63c87c154fa1aa44d36eeb864) Importer(815301076,1909f56bfc062723c751e8b465ee728b)  -> (artifact id: '7c8f76ec829f1c12580a07b1733ad54e') in 0.015774 seconds
  Import took 0.019267 seconds .

========================================================================
Received Import Request.
  Time since last request: 2.573458 seconds.
  path: Assets/Resources/Bombs/Bomb 3.prefab
  artifactKey: Guid(ba33d0504ec792c44bdeeaf81d0bdcde) Importer(815301076,1909f56bfc062723c751e8b465ee728b)
Start importing Assets/Resources/Bombs/Bomb 3.prefab using Guid(ba33d0504ec792c44bdeeaf81d0bdcde) Importer(815301076,1909f56bfc062723c751e8b465ee728b)  -> (artifact id: 'ed610609dd00718e5243ebeb7e8cb00a') in 0.020741 seconds
  Import took 0.024325 seconds .

========================================================================
Received Import Request.
  Time since last request: 2.681035 seconds.
  path: Assets/Resources/Bombs/Bomb 4.prefab
  artifactKey: Guid(874581aaaf4cac14685161dd8c4bc7b1) Importer(815301076,1909f56bfc062723c751e8b465ee728b)
Start importing Assets/Resources/Bombs/Bomb 4.prefab using Guid(874581aaaf4cac14685161dd8c4bc7b1) Importer(815301076,1909f56bfc062723c751e8b465ee728b)  -> (artifact id: 'e02c46ae76e237a6729c976a5bb28aa8') in 0.022019 seconds
  Import took 0.025907 seconds .

========================================================================
Received Import Request.
  Time since last request: 2.291089 seconds.
  path: Assets/Resources/Bombs/Bomb 5.prefab
  artifactKey: Guid(517a54b3895d70643b4b1ac670ea82bc) Importer(815301076,1909f56bfc062723c751e8b465ee728b)
Start importing Assets/Resources/Bombs/Bomb 5.prefab using Guid(517a54b3895d70643b4b1ac670ea82bc) Importer(815301076,1909f56bfc062723c751e8b465ee728b)  -> (artifact id: '97c42372eaca01841d057d27195d3e1e') in 0.022352 seconds
  Import took 0.026237 seconds .

========================================================================
Received Import Request.
  Time since last request: 2.161911 seconds.
  path: Assets/Resources/Bombs/Bomb 6.prefab
  artifactKey: Guid(0fb491924d3ecc040821858c870e8a1d) Importer(815301076,1909f56bfc062723c751e8b465ee728b)
Start importing Assets/Resources/Bombs/Bomb 6.prefab using Guid(0fb491924d3ecc040821858c870e8a1d) Importer(815301076,1909f56bfc062723c751e8b465ee728b)  -> (artifact id: '25191ab0bbd6bd3264443614841c0c5f') in 0.099949 seconds
  Import took 0.104462 seconds .

========================================================================
Received Import Request.
  Time since last request: 0.008321 seconds.
  path: Assets/Resources/Bombs/Bomb 6.prefab
  artifactKey: Guid(0fb491924d3ecc040821858c870e8a1d) Importer(815301076,1909f56bfc062723c751e8b465ee728b)
Start importing Assets/Resources/Bombs/Bomb 6.prefab using Guid(0fb491924d3ecc040821858c870e8a1d) Importer(815301076,1909f56bfc062723c751e8b465ee728b)  -> (artifact id: '25191ab0bbd6bd3264443614841c0c5f') in 0.015276 seconds
  Import took 0.019654 seconds .

========================================================================
Received Import Request.
  Time since last request: 5.959513 seconds.
  path: Assets/Resources/Bombs/Bomb 7.prefab
  artifactKey: Guid(ac9a7ec66b6bdd944badb88a77441d6a) Importer(815301076,1909f56bfc062723c751e8b465ee728b)
Start importing Assets/Resources/Bombs/Bomb 7.prefab using Guid(ac9a7ec66b6bdd944badb88a77441d6a) Importer(815301076,1909f56bfc062723c751e8b465ee728b)  -> (artifact id: 'dd1377f8dabe9ff9d3bae989c849fcf1') in 0.120830 seconds
  Import took 0.126093 seconds .

========================================================================
Received Import Request.
  Time since last request: 2.567528 seconds.
  path: Assets/Resources/Bombs/Bomb.prefab
  artifactKey: Guid(8710f382e0ac6064c8ee5a04e7483aa7) Importer(815301076,1909f56bfc062723c751e8b465ee728b)
Start importing Assets/Resources/Bombs/Bomb.prefab using Guid(8710f382e0ac6064c8ee5a04e7483aa7) Importer(815301076,1909f56bfc062723c751e8b465ee728b)  -> (artifact id: 'c25f2995e88fe3f4571c4cf0ca1a8b23') in 0.020919 seconds
  Import took 0.025200 seconds .

========================================================================
Received Prepare
Registering precompiled user dll's ...
Registered in 0.001650 seconds.
Begin MonoManager ReloadAssembly
Native extension for WindowsStandalone target not found
Refreshing native plugins compatible for Editor in 0.91 ms, found 1 plugins.
Preloading 0 native plugins for Editor in 0.00 ms.
Mono: successfully reloaded assembly
- Completed reload, in  1.175 seconds
Platform modules already initialized, skipping
Refreshing native plugins compatible for Editor in 0.57 ms, found 1 plugins.
Preloading 0 native plugins for Editor in 0.00 ms.
Unloading 1848 Unused Serialized files (Serialized files now loaded: 0)
System memory in use before: 89.4 MB.
System memory in use after: 89.3 MB.

Unloading 12 unused Assets to reduce memory usage. Loaded Objects now: 2314.
Total: 3.774200 ms (FindLiveObjects: 0.226800 ms CreateObjectMapping: 0.045700 ms MarkObjects: 3.325000 ms  DeleteObjects: 0.174600 ms)

========================================================================
Received Import Request.
  Time since last request: 128.619733 seconds.
  path: Assets/Resources/Bombs/Bomb 4.prefab
  artifactKey: Guid(874581aaaf4cac14685161dd8c4bc7b1) Importer(815301076,1909f56bfc062723c751e8b465ee728b)
Start importing Assets/Resources/Bombs/Bomb 4.prefab using Guid(874581aaaf4cac14685161dd8c4bc7b1) Importer(815301076,1909f56bfc062723c751e8b465ee728b)  -> (artifact id: 'd4e01cc990c6591a1442949cdf443a46') in 0.065244 seconds
  Import took 0.069088 seconds .

========================================================================
Received Import Request.
  Time since last request: 0.000283 seconds.
  path: Assets/Resources/Bombs/Bomb 6.prefab
  artifactKey: Guid(0fb491924d3ecc040821858c870e8a1d) Importer(815301076,1909f56bfc062723c751e8b465ee728b)
Start importing Assets/Resources/Bombs/Bomb 6.prefab using Guid(0fb491924d3ecc040821858c870e8a1d) Importer(815301076,1909f56bfc062723c751e8b465ee728b)  -> (artifact id: 'dd3ead3ee28cf6e91d00f3febfebffab') in 0.012013 seconds
  Import took 0.015662 seconds .

========================================================================
Received Import Request.
  Time since last request: 0.000287 seconds.
  path: Assets/Resources/Bombs/Bomb 7.prefab
  artifactKey: Guid(ac9a7ec66b6bdd944badb88a77441d6a) Importer(815301076,1909f56bfc062723c751e8b465ee728b)
Start importing Assets/Resources/Bombs/Bomb 7.prefab using Guid(ac9a7ec66b6bdd944badb88a77441d6a) Importer(815301076,1909f56bfc062723c751e8b465ee728b)  -> (artifact id: 'cbd35788af09d6dd530eba5af1e6e9b0') in 0.011650 seconds
  Import took 0.015229 seconds .

========================================================================
Received Import Request.
  Time since last request: 0.000284 seconds.
  path: Assets/Resources/Bombs/Bomb 2.prefab
  artifactKey: Guid(276e3ec63c87c154fa1aa44d36eeb864) Importer(815301076,1909f56bfc062723c751e8b465ee728b)
Start importing Assets/Resources/Bombs/Bomb 2.prefab using Guid(276e3ec63c87c154fa1aa44d36eeb864) Importer(815301076,1909f56bfc062723c751e8b465ee728b)  -> (artifact id: '79fae913b3ce0dbc720ce39e0a444322') in 0.011328 seconds
  Import took 0.014800 seconds .

========================================================================
Received Import Request.
  Time since last request: 0.000250 seconds.
  path: Assets/Resources/Bombs/Bomb 3.prefab
  artifactKey: Guid(ba33d0504ec792c44bdeeaf81d0bdcde) Importer(815301076,1909f56bfc062723c751e8b465ee728b)
Start importing Assets/Resources/Bombs/Bomb 3.prefab using Guid(ba33d0504ec792c44bdeeaf81d0bdcde) Importer(815301076,1909f56bfc062723c751e8b465ee728b)  -> (artifact id: 'f856447f4903f254f05672cafe64bf4d') in 0.010789 seconds
  Import took 0.014046 seconds .

========================================================================
Received Import Request.
  Time since last request: 0.000254 seconds.
  path: Assets/Resources/Bombs/Bomb 5.prefab
  artifactKey: Guid(517a54b3895d70643b4b1ac670ea82bc) Importer(815301076,1909f56bfc062723c751e8b465ee728b)
Start importing Assets/Resources/Bombs/Bomb 5.prefab using Guid(517a54b3895d70643b4b1ac670ea82bc) Importer(815301076,1909f56bfc062723c751e8b465ee728b)  -> (artifact id: '263d40d2619b54374deb0fe34d252888') in 0.010889 seconds
  Import took 0.014132 seconds .

========================================================================
Received Import Request.
  Time since last request: 0.000242 seconds.
  path: Assets/Resources/Bombs/Bomb.prefab
  artifactKey: Guid(8710f382e0ac6064c8ee5a04e7483aa7) Importer(815301076,1909f56bfc062723c751e8b465ee728b)
Start importing Assets/Resources/Bombs/Bomb.prefab using Guid(8710f382e0ac6064c8ee5a04e7483aa7) Importer(815301076,1909f56bfc062723c751e8b465ee728b)  -> (artifact id: '1206f1dd5ce0e43125de49ac740c14a2') in 0.014334 seconds
  Import took 0.017608 seconds .

========================================================================
Received Import Request.
  Time since last request: 0.000255 seconds.
  path: Assets/Resources/Bombs/Bomb 1.prefab
  artifactKey: Guid(4a85d59ce9061ea4c80e106253aaf071) Importer(815301076,1909f56bfc062723c751e8b465ee728b)
Start importing Assets/Resources/Bombs/Bomb 1.prefab using Guid(4a85d59ce9061ea4c80e106253aaf071) Importer(815301076,1909f56bfc062723c751e8b465ee728b)  -> (artifact id: 'b8ffce24b83b20aa1bc0bb932b503123') in 0.011669 seconds
  Import took 0.015109 seconds .

========================================================================
Received Prepare
Registering precompiled user dll's ...
Registered in 0.001748 seconds.
Begin MonoManager ReloadAssembly
Native extension for WindowsStandalone target not found
Refreshing native plugins compatible for Editor in 0.58 ms, found 1 plugins.
Preloading 0 native plugins for Editor in 0.00 ms.
Mono: successfully reloaded assembly
- Completed reload, in  1.175 seconds
Platform modules already initialized, skipping
Refreshing native plugins compatible for Editor in 0.58 ms, found 1 plugins.
Preloading 0 native plugins for Editor in 0.00 ms.
Unloading 1848 Unused Serialized files (Serialized files now loaded: 0)
System memory in use before: 89.4 MB.
System memory in use after: 89.4 MB.

Unloading 12 unused Assets to reduce memory usage. Loaded Objects now: 2319.
Total: 2.831000 ms (FindLiveObjects: 0.238200 ms CreateObjectMapping: 0.054200 ms MarkObjects: 2.383000 ms  DeleteObjects: 0.153900 ms)

========================================================================
Received Import Request.
  Time since last request: 243.545030 seconds.
  path: Assets/Resources/Bombs/Bomb 1.prefab
  artifactKey: Guid(4a85d59ce9061ea4c80e106253aaf071) Importer(815301076,1909f56bfc062723c751e8b465ee728b)
Start importing Assets/Resources/Bombs/Bomb 1.prefab using Guid(4a85d59ce9061ea4c80e106253aaf071) Importer(815301076,1909f56bfc062723c751e8b465ee728b)  -> (artifact id: 'e19f34ce7a33e237597ca51ceaf8e993') in 0.089115 seconds
  Import took 0.093964 seconds .

========================================================================
Received Import Request.
  Time since last request: 1.871813 seconds.
  path: Assets/Resources/Bombs/Bomb 2.prefab
  artifactKey: Guid(276e3ec63c87c154fa1aa44d36eeb864) Importer(815301076,1909f56bfc062723c751e8b465ee728b)
Start importing Assets/Resources/Bombs/Bomb 2.prefab using Guid(276e3ec63c87c154fa1aa44d36eeb864) Importer(815301076,1909f56bfc062723c751e8b465ee728b)  -> (artifact id: '81b5f6b43fa11e43dad760e7a408cc01') in 0.017286 seconds
  Import took 0.021199 seconds .

========================================================================
Received Import Request.
  Time since last request: 1.817275 seconds.
  path: Assets/Resources/Bombs/Bomb 3.prefab
  artifactKey: Guid(ba33d0504ec792c44bdeeaf81d0bdcde) Importer(815301076,1909f56bfc062723c751e8b465ee728b)
Start importing Assets/Resources/Bombs/Bomb 3.prefab using Guid(ba33d0504ec792c44bdeeaf81d0bdcde) Importer(815301076,1909f56bfc062723c751e8b465ee728b)  -> (artifact id: 'd15b5096f234e4589182ea8e1c7de495') in 0.022403 seconds
  Import took 0.025919 seconds .

========================================================================
Received Import Request.
  Time since last request: 5.197514 seconds.
  path: Assets/Resources/Bombs/Bomb 4.prefab
  artifactKey: Guid(874581aaaf4cac14685161dd8c4bc7b1) Importer(815301076,1909f56bfc062723c751e8b465ee728b)
Start importing Assets/Resources/Bombs/Bomb 4.prefab using Guid(874581aaaf4cac14685161dd8c4bc7b1) Importer(815301076,1909f56bfc062723c751e8b465ee728b)  -> (artifact id: '87d916869d478719db79d66e3b4ab5e4') in 0.021755 seconds
  Import took 0.026220 seconds .

========================================================================
Received Import Request.
  Time since last request: 2.116623 seconds.
  path: Assets/Resources/Bombs/Bomb 5.prefab
  artifactKey: Guid(517a54b3895d70643b4b1ac670ea82bc) Importer(815301076,1909f56bfc062723c751e8b465ee728b)
Start importing Assets/Resources/Bombs/Bomb 5.prefab using Guid(517a54b3895d70643b4b1ac670ea82bc) Importer(815301076,1909f56bfc062723c751e8b465ee728b)  -> (artifact id: '1e36600269c6c166ab362551ce728af6') in 0.020641 seconds
  Import took 0.024078 seconds .

========================================================================
Received Import Request.
  Time since last request: 7.922471 seconds.
  path: Assets/Resources/Bombs/Bomb 6.prefab
  artifactKey: Guid(0fb491924d3ecc040821858c870e8a1d) Importer(815301076,1909f56bfc062723c751e8b465ee728b)
Start importing Assets/Resources/Bombs/Bomb 6.prefab using Guid(0fb491924d3ecc040821858c870e8a1d) Importer(815301076,1909f56bfc062723c751e8b465ee728b)  -> (artifact id: 'd982e88925696fed0f0c14134744f6c7') in 0.116110 seconds
  Import took 0.120251 seconds .

========================================================================
Received Import Request.
  Time since last request: 5.018247 seconds.
  path: Assets/Resources/Bombs/Bomb 7.prefab
  artifactKey: Guid(ac9a7ec66b6bdd944badb88a77441d6a) Importer(815301076,1909f56bfc062723c751e8b465ee728b)
Start importing Assets/Resources/Bombs/Bomb 7.prefab using Guid(ac9a7ec66b6bdd944badb88a77441d6a) Importer(815301076,1909f56bfc062723c751e8b465ee728b)  -> (artifact id: '4b2f3dab7e1e32ebd41e101ca2e63706') in 0.015591 seconds
  Import took 0.019261 seconds .

========================================================================
Received Import Request.
  Time since last request: 2.536713 seconds.
  path: Assets/Resources/Bombs/Bomb.prefab
  artifactKey: Guid(8710f382e0ac6064c8ee5a04e7483aa7) Importer(815301076,1909f56bfc062723c751e8b465ee728b)
Start importing Assets/Resources/Bombs/Bomb.prefab using Guid(8710f382e0ac6064c8ee5a04e7483aa7) Importer(815301076,1909f56bfc062723c751e8b465ee728b)  -> (artifact id: 'db0055323ff35a7a6ca3f12bb8ad737d') in 0.019367 seconds
  Import took 0.023263 seconds .

========================================================================
Received Prepare
Registering precompiled user dll's ...
Registered in 0.002420 seconds.
Begin MonoManager ReloadAssembly
Native extension for WindowsStandalone target not found
Refreshing native plugins compatible for Editor in 0.58 ms, found 1 plugins.
Preloading 0 native plugins for Editor in 0.00 ms.
Mono: successfully reloaded assembly
- Completed reload, in  1.318 seconds
Platform modules already initialized, skipping
Refreshing native plugins compatible for Editor in 0.57 ms, found 1 plugins.
Preloading 0 native plugins for Editor in 0.00 ms.
Unloading 1848 Unused Serialized files (Serialized files now loaded: 0)
System memory in use before: 89.4 MB.
System memory in use after: 89.4 MB.

Unloading 12 unused Assets to reduce memory usage. Loaded Objects now: 2324.
Total: 2.871500 ms (FindLiveObjects: 0.246200 ms CreateObjectMapping: 0.054500 ms MarkObjects: 2.414300 ms  DeleteObjects: 0.154300 ms)

AssetImportWorkerClient::OnTransportError - code=2 error=End of file
